Determining if the include file dl.h exists failed with the following output:
Change Dir: /home/ccy/Desktop/experiment/compile/lab1/sever/llvm-3.3/cmake-build-debug/CMakeFiles/CMakeTmp

Run Build Command:"/usr/bin/make" "cmTC_0c3dc/fast"
/usr/bin/make -f CMakeFiles/cmTC_0c3dc.dir/build.make CMakeFiles/cmTC_0c3dc.dir/build
make[1]: Entering directory '/home/ccy/Desktop/experiment/compile/lab1/sever/llvm-3.3/cmake-build-debug/CMakeFiles/CMakeTmp'
Building C object CMakeFiles/cmTC_0c3dc.dir/CheckIncludeFile.c.o
/usr/bin/cc    -o CMakeFiles/cmTC_0c3dc.dir/CheckIncludeFile.c.o   -c /home/ccy/Desktop/experiment/compile/lab1/sever/llvm-3.3/cmake-build-debug/CMakeFiles/CMakeTmp/CheckIncludeFile.c
/home/ccy/Desktop/experiment/compile/lab1/sever/llvm-3.3/cmake-build-debug/CMakeFiles/CMakeTmp/CheckIncludeFile.c:1:16: fatal error: dl.h: 没有那个文件或目录
compilation terminated.
CMakeFiles/cmTC_0c3dc.dir/build.make:65: recipe for target 'CMakeFiles/cmTC_0c3dc.dir/CheckIncludeFile.c.o' failed
make[1]: *** [CMakeFiles/cmTC_0c3dc.dir/CheckIncludeFile.c.o] Error 1
make[1]: Leaving directory '/home/ccy/Desktop/experiment/compile/lab1/sever/llvm-3.3/cmake-build-debug/CMakeFiles/CMakeTmp'
Makefile:121: recipe for target 'cmTC_0c3dc/fast' failed
make: *** [cmTC_0c3dc/fast] Error 2


Determining if the include file dld.h exists failed with the following output:
Change Dir: /home/ccy/Desktop/experiment/compile/lab1/sever/llvm-3.3/cmake-build-debug/CMakeFiles/CMakeTmp

Run Build Command:"/usr/bin/make" "cmTC_ce335/fast"
/usr/bin/make -f CMakeFiles/cmTC_ce335.dir/build.make CMakeFiles/cmTC_ce335.dir/build
make[1]: Entering directory '/home/ccy/Desktop/experiment/compile/lab1/sever/llvm-3.3/cmake-build-debug/CMakeFiles/CMakeTmp'
Building C object CMakeFiles/cmTC_ce335.dir/CheckIncludeFile.c.o
/usr/bin/cc    -o CMakeFiles/cmTC_ce335.dir/CheckIncludeFile.c.o   -c /home/ccy/Desktop/experiment/compile/lab1/sever/llvm-3.3/cmake-build-debug/CMakeFiles/CMakeTmp/CheckIncludeFile.c
/home/ccy/Desktop/experiment/compile/lab1/sever/llvm-3.3/cmake-build-debug/CMakeFiles/CMakeTmp/CheckIncludeFile.c:1:17: fatal error: dld.h: 没有那个文件或目录
compilation terminated.
CMakeFiles/cmTC_ce335.dir/build.make:65: recipe for target 'CMakeFiles/cmTC_ce335.dir/CheckIncludeFile.c.o' failed
make[1]: *** [CMakeFiles/cmTC_ce335.dir/CheckIncludeFile.c.o] Error 1
make[1]: Leaving directory '/home/ccy/Desktop/experiment/compile/lab1/sever/llvm-3.3/cmake-build-debug/CMakeFiles/CMakeTmp'
Makefile:121: recipe for target 'cmTC_ce335/fast' failed
make: *** [cmTC_ce335/fast] Error 2


Determining if the include file malloc/malloc.h exists failed with the following output:
Change Dir: /home/ccy/Desktop/experiment/compile/lab1/sever/llvm-3.3/cmake-build-debug/CMakeFiles/CMakeTmp

Run Build Command:"/usr/bin/make" "cmTC_253f4/fast"
/usr/bin/make -f CMakeFiles/cmTC_253f4.dir/build.make CMakeFiles/cmTC_253f4.dir/build
make[1]: Entering directory '/home/ccy/Desktop/experiment/compile/lab1/sever/llvm-3.3/cmake-build-debug/CMakeFiles/CMakeTmp'
Building C object CMakeFiles/cmTC_253f4.dir/CheckIncludeFile.c.o
/usr/bin/cc    -o CMakeFiles/cmTC_253f4.dir/CheckIncludeFile.c.o   -c /home/ccy/Desktop/experiment/compile/lab1/sever/llvm-3.3/cmake-build-debug/CMakeFiles/CMakeTmp/CheckIncludeFile.c
/home/ccy/Desktop/experiment/compile/lab1/sever/llvm-3.3/cmake-build-debug/CMakeFiles/CMakeTmp/CheckIncludeFile.c:1:27: fatal error: malloc/malloc.h: 没有那个文件或目录
compilation terminated.
CMakeFiles/cmTC_253f4.dir/build.make:65: recipe for target 'CMakeFiles/cmTC_253f4.dir/CheckIncludeFile.c.o' failed
make[1]: *** [CMakeFiles/cmTC_253f4.dir/CheckIncludeFile.c.o] Error 1
make[1]: Leaving directory '/home/ccy/Desktop/experiment/compile/lab1/sever/llvm-3.3/cmake-build-debug/CMakeFiles/CMakeTmp'
Makefile:121: recipe for target 'cmTC_253f4/fast' failed
make: *** [cmTC_253f4/fast] Error 2


Determining if the include file ndir.h exists failed with the following output:
Change Dir: /home/ccy/Desktop/experiment/compile/lab1/sever/llvm-3.3/cmake-build-debug/CMakeFiles/CMakeTmp

Run Build Command:"/usr/bin/make" "cmTC_bfe16/fast"
/usr/bin/make -f CMakeFiles/cmTC_bfe16.dir/build.make CMakeFiles/cmTC_bfe16.dir/build
make[1]: Entering directory '/home/ccy/Desktop/experiment/compile/lab1/sever/llvm-3.3/cmake-build-debug/CMakeFiles/CMakeTmp'
Building C object CMakeFiles/cmTC_bfe16.dir/CheckIncludeFile.c.o
/usr/bin/cc    -o CMakeFiles/cmTC_bfe16.dir/CheckIncludeFile.c.o   -c /home/ccy/Desktop/experiment/compile/lab1/sever/llvm-3.3/cmake-build-debug/CMakeFiles/CMakeTmp/CheckIncludeFile.c
/home/ccy/Desktop/experiment/compile/lab1/sever/llvm-3.3/cmake-build-debug/CMakeFiles/CMakeTmp/CheckIncludeFile.c:1:18: fatal error: ndir.h: 没有那个文件或目录
compilation terminated.
CMakeFiles/cmTC_bfe16.dir/build.make:65: recipe for target 'CMakeFiles/cmTC_bfe16.dir/CheckIncludeFile.c.o' failed
make[1]: *** [CMakeFiles/cmTC_bfe16.dir/CheckIncludeFile.c.o] Error 1
make[1]: Leaving directory '/home/ccy/Desktop/experiment/compile/lab1/sever/llvm-3.3/cmake-build-debug/CMakeFiles/CMakeTmp'
Makefile:121: recipe for target 'cmTC_bfe16/fast' failed
make: *** [cmTC_bfe16/fast] Error 2


Determining if the include file sanitizer/msan_interface.h exists failed with the following output:
Change Dir: /home/ccy/Desktop/experiment/compile/lab1/sever/llvm-3.3/cmake-build-debug/CMakeFiles/CMakeTmp

Run Build Command:"/usr/bin/make" "cmTC_718b7/fast"
/usr/bin/make -f CMakeFiles/cmTC_718b7.dir/build.make CMakeFiles/cmTC_718b7.dir/build
make[1]: Entering directory '/home/ccy/Desktop/experiment/compile/lab1/sever/llvm-3.3/cmake-build-debug/CMakeFiles/CMakeTmp'
Building C object CMakeFiles/cmTC_718b7.dir/CheckIncludeFile.c.o
/usr/bin/cc    -o CMakeFiles/cmTC_718b7.dir/CheckIncludeFile.c.o   -c /home/ccy/Desktop/experiment/compile/lab1/sever/llvm-3.3/cmake-build-debug/CMakeFiles/CMakeTmp/CheckIncludeFile.c
/home/ccy/Desktop/experiment/compile/lab1/sever/llvm-3.3/cmake-build-debug/CMakeFiles/CMakeTmp/CheckIncludeFile.c:1:38: fatal error: sanitizer/msan_interface.h: 没有那个文件或目录
compilation terminated.
CMakeFiles/cmTC_718b7.dir/build.make:65: recipe for target 'CMakeFiles/cmTC_718b7.dir/CheckIncludeFile.c.o' failed
make[1]: *** [CMakeFiles/cmTC_718b7.dir/CheckIncludeFile.c.o] Error 1
make[1]: Leaving directory '/home/ccy/Desktop/experiment/compile/lab1/sever/llvm-3.3/cmake-build-debug/CMakeFiles/CMakeTmp'
Makefile:121: recipe for target 'cmTC_718b7/fast' failed
make: *** [cmTC_718b7/fast] Error 2


Determining if the include file sys/dl.h exists failed with the following output:
Change Dir: /home/ccy/Desktop/experiment/compile/lab1/sever/llvm-3.3/cmake-build-debug/CMakeFiles/CMakeTmp

Run Build Command:"/usr/bin/make" "cmTC_8dd53/fast"
/usr/bin/make -f CMakeFiles/cmTC_8dd53.dir/build.make CMakeFiles/cmTC_8dd53.dir/build
make[1]: Entering directory '/home/ccy/Desktop/experiment/compile/lab1/sever/llvm-3.3/cmake-build-debug/CMakeFiles/CMakeTmp'
Building C object CMakeFiles/cmTC_8dd53.dir/CheckIncludeFile.c.o
/usr/bin/cc    -o CMakeFiles/cmTC_8dd53.dir/CheckIncludeFile.c.o   -c /home/ccy/Desktop/experiment/compile/lab1/sever/llvm-3.3/cmake-build-debug/CMakeFiles/CMakeTmp/CheckIncludeFile.c
/home/ccy/Desktop/experiment/compile/lab1/sever/llvm-3.3/cmake-build-debug/CMakeFiles/CMakeTmp/CheckIncludeFile.c:1:20: fatal error: sys/dl.h: 没有那个文件或目录
compilation terminated.
CMakeFiles/cmTC_8dd53.dir/build.make:65: recipe for target 'CMakeFiles/cmTC_8dd53.dir/CheckIncludeFile.c.o' failed
make[1]: *** [CMakeFiles/cmTC_8dd53.dir/CheckIncludeFile.c.o] Error 1
make[1]: Leaving directory '/home/ccy/Desktop/experiment/compile/lab1/sever/llvm-3.3/cmake-build-debug/CMakeFiles/CMakeTmp'
Makefile:121: recipe for target 'cmTC_8dd53/fast' failed
make: *** [cmTC_8dd53/fast] Error 2


Determining if the include file sys/ndir.h exists failed with the following output:
Change Dir: /home/ccy/Desktop/experiment/compile/lab1/sever/llvm-3.3/cmake-build-debug/CMakeFiles/CMakeTmp

Run Build Command:"/usr/bin/make" "cmTC_47932/fast"
/usr/bin/make -f CMakeFiles/cmTC_47932.dir/build.make CMakeFiles/cmTC_47932.dir/build
make[1]: Entering directory '/home/ccy/Desktop/experiment/compile/lab1/sever/llvm-3.3/cmake-build-debug/CMakeFiles/CMakeTmp'
Building C object CMakeFiles/cmTC_47932.dir/CheckIncludeFile.c.o
/usr/bin/cc    -o CMakeFiles/cmTC_47932.dir/CheckIncludeFile.c.o   -c /home/ccy/Desktop/experiment/compile/lab1/sever/llvm-3.3/cmake-build-debug/CMakeFiles/CMakeTmp/CheckIncludeFile.c
/home/ccy/Desktop/experiment/compile/lab1/sever/llvm-3.3/cmake-build-debug/CMakeFiles/CMakeTmp/CheckIncludeFile.c:1:22: fatal error: sys/ndir.h: 没有那个文件或目录
compilation terminated.
CMakeFiles/cmTC_47932.dir/build.make:65: recipe for target 'CMakeFiles/cmTC_47932.dir/CheckIncludeFile.c.o' failed
make[1]: *** [CMakeFiles/cmTC_47932.dir/CheckIncludeFile.c.o] Error 1
make[1]: Leaving directory '/home/ccy/Desktop/experiment/compile/lab1/sever/llvm-3.3/cmake-build-debug/CMakeFiles/CMakeTmp'
Makefile:121: recipe for target 'cmTC_47932/fast' failed
make: *** [cmTC_47932/fast] Error 2


Determining if the include file valgrind/valgrind.h exists failed with the following output:
Change Dir: /home/ccy/Desktop/experiment/compile/lab1/sever/llvm-3.3/cmake-build-debug/CMakeFiles/CMakeTmp

Run Build Command:"/usr/bin/make" "cmTC_513af/fast"
/usr/bin/make -f CMakeFiles/cmTC_513af.dir/build.make CMakeFiles/cmTC_513af.dir/build
make[1]: Entering directory '/home/ccy/Desktop/experiment/compile/lab1/sever/llvm-3.3/cmake-build-debug/CMakeFiles/CMakeTmp'
Building C object CMakeFiles/cmTC_513af.dir/CheckIncludeFile.c.o
/usr/bin/cc    -o CMakeFiles/cmTC_513af.dir/CheckIncludeFile.c.o   -c /home/ccy/Desktop/experiment/compile/lab1/sever/llvm-3.3/cmake-build-debug/CMakeFiles/CMakeTmp/CheckIncludeFile.c
/home/ccy/Desktop/experiment/compile/lab1/sever/llvm-3.3/cmake-build-debug/CMakeFiles/CMakeTmp/CheckIncludeFile.c:1:31: fatal error: valgrind/valgrind.h: 没有那个文件或目录
compilation terminated.
CMakeFiles/cmTC_513af.dir/build.make:65: recipe for target 'CMakeFiles/cmTC_513af.dir/CheckIncludeFile.c.o' failed
make[1]: *** [CMakeFiles/cmTC_513af.dir/CheckIncludeFile.c.o] Error 1
make[1]: Leaving directory '/home/ccy/Desktop/experiment/compile/lab1/sever/llvm-3.3/cmake-build-debug/CMakeFiles/CMakeTmp'
Makefile:121: recipe for target 'cmTC_513af/fast' failed
make: *** [cmTC_513af/fast] Error 2


Determining if the include file windows.h exists failed with the following output:
Change Dir: /home/ccy/Desktop/experiment/compile/lab1/sever/llvm-3.3/cmake-build-debug/CMakeFiles/CMakeTmp

Run Build Command:"/usr/bin/make" "cmTC_3dba8/fast"
/usr/bin/make -f CMakeFiles/cmTC_3dba8.dir/build.make CMakeFiles/cmTC_3dba8.dir/build
make[1]: Entering directory '/home/ccy/Desktop/experiment/compile/lab1/sever/llvm-3.3/cmake-build-debug/CMakeFiles/CMakeTmp'
Building C object CMakeFiles/cmTC_3dba8.dir/CheckIncludeFile.c.o
/usr/bin/cc    -o CMakeFiles/cmTC_3dba8.dir/CheckIncludeFile.c.o   -c /home/ccy/Desktop/experiment/compile/lab1/sever/llvm-3.3/cmake-build-debug/CMakeFiles/CMakeTmp/CheckIncludeFile.c
/home/ccy/Desktop/experiment/compile/lab1/sever/llvm-3.3/cmake-build-debug/CMakeFiles/CMakeTmp/CheckIncludeFile.c:1:21: fatal error: windows.h: 没有那个文件或目录
compilation terminated.
CMakeFiles/cmTC_3dba8.dir/build.make:65: recipe for target 'CMakeFiles/cmTC_3dba8.dir/CheckIncludeFile.c.o' failed
make[1]: *** [CMakeFiles/cmTC_3dba8.dir/CheckIncludeFile.c.o] Error 1
make[1]: Leaving directory '/home/ccy/Desktop/experiment/compile/lab1/sever/llvm-3.3/cmake-build-debug/CMakeFiles/CMakeTmp'
Makefile:121: recipe for target 'cmTC_3dba8/fast' failed
make: *** [cmTC_3dba8/fast] Error 2


Determining if the include file mach/mach.h exists failed with the following output:
Change Dir: /home/ccy/Desktop/experiment/compile/lab1/sever/llvm-3.3/cmake-build-debug/CMakeFiles/CMakeTmp

Run Build Command:"/usr/bin/make" "cmTC_197a4/fast"
/usr/bin/make -f CMakeFiles/cmTC_197a4.dir/build.make CMakeFiles/cmTC_197a4.dir/build
make[1]: Entering directory '/home/ccy/Desktop/experiment/compile/lab1/sever/llvm-3.3/cmake-build-debug/CMakeFiles/CMakeTmp'
Building C object CMakeFiles/cmTC_197a4.dir/CheckIncludeFile.c.o
/usr/bin/cc    -o CMakeFiles/cmTC_197a4.dir/CheckIncludeFile.c.o   -c /home/ccy/Desktop/experiment/compile/lab1/sever/llvm-3.3/cmake-build-debug/CMakeFiles/CMakeTmp/CheckIncludeFile.c
/home/ccy/Desktop/experiment/compile/lab1/sever/llvm-3.3/cmake-build-debug/CMakeFiles/CMakeTmp/CheckIncludeFile.c:1:23: fatal error: mach/mach.h: 没有那个文件或目录
compilation terminated.
CMakeFiles/cmTC_197a4.dir/build.make:65: recipe for target 'CMakeFiles/cmTC_197a4.dir/CheckIncludeFile.c.o' failed
make[1]: *** [CMakeFiles/cmTC_197a4.dir/CheckIncludeFile.c.o] Error 1
make[1]: Leaving directory '/home/ccy/Desktop/experiment/compile/lab1/sever/llvm-3.3/cmake-build-debug/CMakeFiles/CMakeTmp'
Makefile:121: recipe for target 'cmTC_197a4/fast' failed
make: *** [cmTC_197a4/fast] Error 2


Determining if the include file mach-o/dyld.h exists failed with the following output:
Change Dir: /home/ccy/Desktop/experiment/compile/lab1/sever/llvm-3.3/cmake-build-debug/CMakeFiles/CMakeTmp

Run Build Command:"/usr/bin/make" "cmTC_77848/fast"
/usr/bin/make -f CMakeFiles/cmTC_77848.dir/build.make CMakeFiles/cmTC_77848.dir/build
make[1]: Entering directory '/home/ccy/Desktop/experiment/compile/lab1/sever/llvm-3.3/cmake-build-debug/CMakeFiles/CMakeTmp'
Building C object CMakeFiles/cmTC_77848.dir/CheckIncludeFile.c.o
/usr/bin/cc    -o CMakeFiles/cmTC_77848.dir/CheckIncludeFile.c.o   -c /home/ccy/Desktop/experiment/compile/lab1/sever/llvm-3.3/cmake-build-debug/CMakeFiles/CMakeTmp/CheckIncludeFile.c
/home/ccy/Desktop/experiment/compile/lab1/sever/llvm-3.3/cmake-build-debug/CMakeFiles/CMakeTmp/CheckIncludeFile.c:1:25: fatal error: mach-o/dyld.h: 没有那个文件或目录
compilation terminated.
CMakeFiles/cmTC_77848.dir/build.make:65: recipe for target 'CMakeFiles/cmTC_77848.dir/CheckIncludeFile.c.o' failed
make[1]: *** [CMakeFiles/cmTC_77848.dir/CheckIncludeFile.c.o] Error 1
make[1]: Leaving directory '/home/ccy/Desktop/experiment/compile/lab1/sever/llvm-3.3/cmake-build-debug/CMakeFiles/CMakeTmp'
Makefile:121: recipe for target 'cmTC_77848/fast' failed
make: *** [cmTC_77848/fast] Error 2


Determining if the arc4random exist failed with the following output:
Change Dir: /home/ccy/Desktop/experiment/compile/lab1/sever/llvm-3.3/cmake-build-debug/CMakeFiles/CMakeTmp

Run Build Command:"/usr/bin/make" "cmTC_695e3/fast"
/usr/bin/make -f CMakeFiles/cmTC_695e3.dir/build.make CMakeFiles/cmTC_695e3.dir/build
make[1]: Entering directory '/home/ccy/Desktop/experiment/compile/lab1/sever/llvm-3.3/cmake-build-debug/CMakeFiles/CMakeTmp'
Building C object CMakeFiles/cmTC_695e3.dir/CheckSymbolExists.c.o
/usr/bin/cc    -o CMakeFiles/cmTC_695e3.dir/CheckSymbolExists.c.o   -c /home/ccy/Desktop/experiment/compile/lab1/sever/llvm-3.3/cmake-build-debug/CMakeFiles/CMakeTmp/CheckSymbolExists.c
/home/ccy/Desktop/experiment/compile/lab1/sever/llvm-3.3/cmake-build-debug/CMakeFiles/CMakeTmp/CheckSymbolExists.c: In function ‘main’:
/home/ccy/Desktop/experiment/compile/lab1/sever/llvm-3.3/cmake-build-debug/CMakeFiles/CMakeTmp/CheckSymbolExists.c:8:19: error: ‘arc4random’ undeclared (first use in this function)
   return ((int*)(&arc4random))[argc];
                   ^
/home/ccy/Desktop/experiment/compile/lab1/sever/llvm-3.3/cmake-build-debug/CMakeFiles/CMakeTmp/CheckSymbolExists.c:8:19: note: each undeclared identifier is reported only once for each function it appears in
CMakeFiles/cmTC_695e3.dir/build.make:65: recipe for target 'CMakeFiles/cmTC_695e3.dir/CheckSymbolExists.c.o' failed
make[1]: *** [CMakeFiles/cmTC_695e3.dir/CheckSymbolExists.c.o] Error 1
make[1]: Leaving directory '/home/ccy/Desktop/experiment/compile/lab1/sever/llvm-3.3/cmake-build-debug/CMakeFiles/CMakeTmp'
Makefile:121: recipe for target 'cmTC_695e3/fast' failed
make: *** [cmTC_695e3/fast] Error 2

File /home/ccy/Desktop/experiment/compile/lab1/sever/llvm-3.3/cmake-build-debug/CMakeFiles/CMakeTmp/CheckSymbolExists.c:
/* */
#include <stdlib.h>

int main(int argc, char** argv)
{
  (void)argv;
#ifndef arc4random
  return ((int*)(&arc4random))[argc];
#else
  (void)argc;
  return 0;
#endif
}

Determining if the isinf exist failed with the following output:
Change Dir: /home/ccy/Desktop/experiment/compile/lab1/sever/llvm-3.3/cmake-build-debug/CMakeFiles/CMakeTmp

Run Build Command:"/usr/bin/make" "cmTC_c51aa/fast"
/usr/bin/make -f CMakeFiles/cmTC_c51aa.dir/build.make CMakeFiles/cmTC_c51aa.dir/build
make[1]: Entering directory '/home/ccy/Desktop/experiment/compile/lab1/sever/llvm-3.3/cmake-build-debug/CMakeFiles/CMakeTmp'
Building C object CMakeFiles/cmTC_c51aa.dir/CheckSymbolExists.c.o
/usr/bin/cc    -o CMakeFiles/cmTC_c51aa.dir/CheckSymbolExists.c.o   -c /home/ccy/Desktop/experiment/compile/lab1/sever/llvm-3.3/cmake-build-debug/CMakeFiles/CMakeTmp/CheckSymbolExists.c
/home/ccy/Desktop/experiment/compile/lab1/sever/llvm-3.3/cmake-build-debug/CMakeFiles/CMakeTmp/CheckSymbolExists.c:2:17: fatal error: cmath: 没有那个文件或目录
compilation terminated.
CMakeFiles/cmTC_c51aa.dir/build.make:65: recipe for target 'CMakeFiles/cmTC_c51aa.dir/CheckSymbolExists.c.o' failed
make[1]: *** [CMakeFiles/cmTC_c51aa.dir/CheckSymbolExists.c.o] Error 1
make[1]: Leaving directory '/home/ccy/Desktop/experiment/compile/lab1/sever/llvm-3.3/cmake-build-debug/CMakeFiles/CMakeTmp'
Makefile:121: recipe for target 'cmTC_c51aa/fast' failed
make: *** [cmTC_c51aa/fast] Error 2

File /home/ccy/Desktop/experiment/compile/lab1/sever/llvm-3.3/cmake-build-debug/CMakeFiles/CMakeTmp/CheckSymbolExists.c:
/* */
#include <cmath>

int main(int argc, char** argv)
{
  (void)argv;
#ifndef isinf
  return ((int*)(&isinf))[argc];
#else
  (void)argc;
  return 0;
#endif
}

Determining if the finite exist failed with the following output:
Change Dir: /home/ccy/Desktop/experiment/compile/lab1/sever/llvm-3.3/cmake-build-debug/CMakeFiles/CMakeTmp

Run Build Command:"/usr/bin/make" "cmTC_7080d/fast"
/usr/bin/make -f CMakeFiles/cmTC_7080d.dir/build.make CMakeFiles/cmTC_7080d.dir/build
make[1]: Entering directory '/home/ccy/Desktop/experiment/compile/lab1/sever/llvm-3.3/cmake-build-debug/CMakeFiles/CMakeTmp'
Building C object CMakeFiles/cmTC_7080d.dir/CheckSymbolExists.c.o
/usr/bin/cc    -o CMakeFiles/cmTC_7080d.dir/CheckSymbolExists.c.o   -c /home/ccy/Desktop/experiment/compile/lab1/sever/llvm-3.3/cmake-build-debug/CMakeFiles/CMakeTmp/CheckSymbolExists.c
/home/ccy/Desktop/experiment/compile/lab1/sever/llvm-3.3/cmake-build-debug/CMakeFiles/CMakeTmp/CheckSymbolExists.c:2:20: fatal error: ieeefp.h: 没有那个文件或目录
compilation terminated.
CMakeFiles/cmTC_7080d.dir/build.make:65: recipe for target 'CMakeFiles/cmTC_7080d.dir/CheckSymbolExists.c.o' failed
make[1]: *** [CMakeFiles/cmTC_7080d.dir/CheckSymbolExists.c.o] Error 1
make[1]: Leaving directory '/home/ccy/Desktop/experiment/compile/lab1/sever/llvm-3.3/cmake-build-debug/CMakeFiles/CMakeTmp'
Makefile:121: recipe for target 'cmTC_7080d/fast' failed
make: *** [cmTC_7080d/fast] Error 2

File /home/ccy/Desktop/experiment/compile/lab1/sever/llvm-3.3/cmake-build-debug/CMakeFiles/CMakeTmp/CheckSymbolExists.c:
/* */
#include <ieeefp.h>

int main(int argc, char** argv)
{
  (void)argv;
#ifndef finite
  return ((int*)(&finite))[argc];
#else
  (void)argc;
  return 0;
#endif
}

Determining if the isnan exist failed with the following output:
Change Dir: /home/ccy/Desktop/experiment/compile/lab1/sever/llvm-3.3/cmake-build-debug/CMakeFiles/CMakeTmp

Run Build Command:"/usr/bin/make" "cmTC_fd79a/fast"
/usr/bin/make -f CMakeFiles/cmTC_fd79a.dir/build.make CMakeFiles/cmTC_fd79a.dir/build
make[1]: Entering directory '/home/ccy/Desktop/experiment/compile/lab1/sever/llvm-3.3/cmake-build-debug/CMakeFiles/CMakeTmp'
Building C object CMakeFiles/cmTC_fd79a.dir/CheckSymbolExists.c.o
/usr/bin/cc    -o CMakeFiles/cmTC_fd79a.dir/CheckSymbolExists.c.o   -c /home/ccy/Desktop/experiment/compile/lab1/sever/llvm-3.3/cmake-build-debug/CMakeFiles/CMakeTmp/CheckSymbolExists.c
/home/ccy/Desktop/experiment/compile/lab1/sever/llvm-3.3/cmake-build-debug/CMakeFiles/CMakeTmp/CheckSymbolExists.c:2:17: fatal error: cmath: 没有那个文件或目录
compilation terminated.
CMakeFiles/cmTC_fd79a.dir/build.make:65: recipe for target 'CMakeFiles/cmTC_fd79a.dir/CheckSymbolExists.c.o' failed
make[1]: *** [CMakeFiles/cmTC_fd79a.dir/CheckSymbolExists.c.o] Error 1
make[1]: Leaving directory '/home/ccy/Desktop/experiment/compile/lab1/sever/llvm-3.3/cmake-build-debug/CMakeFiles/CMakeTmp'
Makefile:121: recipe for target 'cmTC_fd79a/fast' failed
make: *** [cmTC_fd79a/fast] Error 2

File /home/ccy/Desktop/experiment/compile/lab1/sever/llvm-3.3/cmake-build-debug/CMakeFiles/CMakeTmp/CheckSymbolExists.c:
/* */
#include <cmath>

int main(int argc, char** argv)
{
  (void)argv;
#ifndef isnan
  return ((int*)(&isnan))[argc];
#else
  (void)argc;
  return 0;
#endif
}

Determining if the exp10 exist failed with the following output:
Change Dir: /home/ccy/Desktop/experiment/compile/lab1/sever/llvm-3.3/cmake-build-debug/CMakeFiles/CMakeTmp

Run Build Command:"/usr/bin/make" "cmTC_860e2/fast"
/usr/bin/make -f CMakeFiles/cmTC_860e2.dir/build.make CMakeFiles/cmTC_860e2.dir/build
make[1]: Entering directory '/home/ccy/Desktop/experiment/compile/lab1/sever/llvm-3.3/cmake-build-debug/CMakeFiles/CMakeTmp'
Building C object CMakeFiles/cmTC_860e2.dir/CheckSymbolExists.c.o
/usr/bin/cc    -o CMakeFiles/cmTC_860e2.dir/CheckSymbolExists.c.o   -c /home/ccy/Desktop/experiment/compile/lab1/sever/llvm-3.3/cmake-build-debug/CMakeFiles/CMakeTmp/CheckSymbolExists.c
/home/ccy/Desktop/experiment/compile/lab1/sever/llvm-3.3/cmake-build-debug/CMakeFiles/CMakeTmp/CheckSymbolExists.c: In function ‘main’:
/home/ccy/Desktop/experiment/compile/lab1/sever/llvm-3.3/cmake-build-debug/CMakeFiles/CMakeTmp/CheckSymbolExists.c:8:19: error: ‘exp10’ undeclared (first use in this function)
   return ((int*)(&exp10))[argc];
                   ^
/home/ccy/Desktop/experiment/compile/lab1/sever/llvm-3.3/cmake-build-debug/CMakeFiles/CMakeTmp/CheckSymbolExists.c:8:19: note: each undeclared identifier is reported only once for each function it appears in
CMakeFiles/cmTC_860e2.dir/build.make:65: recipe for target 'CMakeFiles/cmTC_860e2.dir/CheckSymbolExists.c.o' failed
make[1]: *** [CMakeFiles/cmTC_860e2.dir/CheckSymbolExists.c.o] Error 1
make[1]: Leaving directory '/home/ccy/Desktop/experiment/compile/lab1/sever/llvm-3.3/cmake-build-debug/CMakeFiles/CMakeTmp'
Makefile:121: recipe for target 'cmTC_860e2/fast' failed
make: *** [cmTC_860e2/fast] Error 2

File /home/ccy/Desktop/experiment/compile/lab1/sever/llvm-3.3/cmake-build-debug/CMakeFiles/CMakeTmp/CheckSymbolExists.c:
/* */
#include <math.h>

int main(int argc, char** argv)
{
  (void)argv;
#ifndef exp10
  return ((int*)(&exp10))[argc];
#else
  (void)argc;
  return 0;
#endif
}

Determining if the malloc_zone_statistics exist failed with the following output:
Change Dir: /home/ccy/Desktop/experiment/compile/lab1/sever/llvm-3.3/cmake-build-debug/CMakeFiles/CMakeTmp

Run Build Command:"/usr/bin/make" "cmTC_9982e/fast"
/usr/bin/make -f CMakeFiles/cmTC_9982e.dir/build.make CMakeFiles/cmTC_9982e.dir/build
make[1]: Entering directory '/home/ccy/Desktop/experiment/compile/lab1/sever/llvm-3.3/cmake-build-debug/CMakeFiles/CMakeTmp'
Building C object CMakeFiles/cmTC_9982e.dir/CheckSymbolExists.c.o
/usr/bin/cc    -o CMakeFiles/cmTC_9982e.dir/CheckSymbolExists.c.o   -c /home/ccy/Desktop/experiment/compile/lab1/sever/llvm-3.3/cmake-build-debug/CMakeFiles/CMakeTmp/CheckSymbolExists.c
/home/ccy/Desktop/experiment/compile/lab1/sever/llvm-3.3/cmake-build-debug/CMakeFiles/CMakeTmp/CheckSymbolExists.c:2:27: fatal error: malloc/malloc.h: 没有那个文件或目录
compilation terminated.
CMakeFiles/cmTC_9982e.dir/build.make:65: recipe for target 'CMakeFiles/cmTC_9982e.dir/CheckSymbolExists.c.o' failed
make[1]: *** [CMakeFiles/cmTC_9982e.dir/CheckSymbolExists.c.o] Error 1
make[1]: Leaving directory '/home/ccy/Desktop/experiment/compile/lab1/sever/llvm-3.3/cmake-build-debug/CMakeFiles/CMakeTmp'
Makefile:121: recipe for target 'cmTC_9982e/fast' failed
make: *** [cmTC_9982e/fast] Error 2

File /home/ccy/Desktop/experiment/compile/lab1/sever/llvm-3.3/cmake-build-debug/CMakeFiles/CMakeTmp/CheckSymbolExists.c:
/* */
#include <malloc/malloc.h>

int main(int argc, char** argv)
{
  (void)argv;
#ifndef malloc_zone_statistics
  return ((int*)(&malloc_zone_statistics))[argc];
#else
  (void)argc;
  return 0;
#endif
}

Determining if the strerror_s exist failed with the following output:
Change Dir: /home/ccy/Desktop/experiment/compile/lab1/sever/llvm-3.3/cmake-build-debug/CMakeFiles/CMakeTmp

Run Build Command:"/usr/bin/make" "cmTC_19d25/fast"
/usr/bin/make -f CMakeFiles/cmTC_19d25.dir/build.make CMakeFiles/cmTC_19d25.dir/build
make[1]: Entering directory '/home/ccy/Desktop/experiment/compile/lab1/sever/llvm-3.3/cmake-build-debug/CMakeFiles/CMakeTmp'
Building C object CMakeFiles/cmTC_19d25.dir/CheckSymbolExists.c.o
/usr/bin/cc    -o CMakeFiles/cmTC_19d25.dir/CheckSymbolExists.c.o   -c /home/ccy/Desktop/experiment/compile/lab1/sever/llvm-3.3/cmake-build-debug/CMakeFiles/CMakeTmp/CheckSymbolExists.c
/home/ccy/Desktop/experiment/compile/lab1/sever/llvm-3.3/cmake-build-debug/CMakeFiles/CMakeTmp/CheckSymbolExists.c: In function ‘main’:
/home/ccy/Desktop/experiment/compile/lab1/sever/llvm-3.3/cmake-build-debug/CMakeFiles/CMakeTmp/CheckSymbolExists.c:8:19: error: ‘strerror_s’ undeclared (first use in this function)
   return ((int*)(&strerror_s))[argc];
                   ^
/home/ccy/Desktop/experiment/compile/lab1/sever/llvm-3.3/cmake-build-debug/CMakeFiles/CMakeTmp/CheckSymbolExists.c:8:19: note: each undeclared identifier is reported only once for each function it appears in
CMakeFiles/cmTC_19d25.dir/build.make:65: recipe for target 'CMakeFiles/cmTC_19d25.dir/CheckSymbolExists.c.o' failed
make[1]: *** [CMakeFiles/cmTC_19d25.dir/CheckSymbolExists.c.o] Error 1
make[1]: Leaving directory '/home/ccy/Desktop/experiment/compile/lab1/sever/llvm-3.3/cmake-build-debug/CMakeFiles/CMakeTmp'
Makefile:121: recipe for target 'cmTC_19d25/fast' failed
make: *** [cmTC_19d25/fast] Error 2

File /home/ccy/Desktop/experiment/compile/lab1/sever/llvm-3.3/cmake-build-debug/CMakeFiles/CMakeTmp/CheckSymbolExists.c:
/* */
#include <string.h>

int main(int argc, char** argv)
{
  (void)argv;
#ifndef strerror_s
  return ((int*)(&strerror_s))[argc];
#else
  (void)argc;
  return 0;
#endif
}

Performing C++ SOURCE FILE Test CXX_SUPPORTS_COVERED_SWITCH_DEFAULT_FLAG failed with the following output:
Change Dir: /home/ccy/Desktop/experiment/compile/lab1/sever/llvm-3.3/cmake-build-debug/CMakeFiles/CMakeTmp

Run Build Command:"/usr/bin/make" "cmTC_89576/fast"
/usr/bin/make -f CMakeFiles/cmTC_89576.dir/build.make CMakeFiles/cmTC_89576.dir/build
make[1]: Entering directory '/home/ccy/Desktop/experiment/compile/lab1/sever/llvm-3.3/cmake-build-debug/CMakeFiles/CMakeTmp'
Building CXX object CMakeFiles/cmTC_89576.dir/src.cxx.o
/usr/bin/c++    -fPIC -fvisibility-inlines-hidden -Wall -W -Wno-unused-parameter -Wwrite-strings -Wno-missing-field-initializers -pedantic -Wno-long-long -DCXX_SUPPORTS_COVERED_SWITCH_DEFAULT_FLAG   -Werror -Wcovered-switch-default -o CMakeFiles/cmTC_89576.dir/src.cxx.o -c /home/ccy/Desktop/experiment/compile/lab1/sever/llvm-3.3/cmake-build-debug/CMakeFiles/CMakeTmp/src.cxx
c++: error: unrecognized command line option '-Wcovered-switch-default'
CMakeFiles/cmTC_89576.dir/build.make:65: recipe for target 'CMakeFiles/cmTC_89576.dir/src.cxx.o' failed
make[1]: *** [CMakeFiles/cmTC_89576.dir/src.cxx.o] Error 1
make[1]: Leaving directory '/home/ccy/Desktop/experiment/compile/lab1/sever/llvm-3.3/cmake-build-debug/CMakeFiles/CMakeTmp'
Makefile:121: recipe for target 'cmTC_89576/fast' failed
make: *** [cmTC_89576/fast] Error 2

Source file was:
int main() { return 0; }
Performing C SOURCE FILE Test C_SUPPORTS_COVERED_SWITCH_DEFAULT_FLAG failed with the following output:
Change Dir: /home/ccy/Desktop/experiment/compile/lab1/sever/llvm-3.3/cmake-build-debug/CMakeFiles/CMakeTmp

Run Build Command:"/usr/bin/make" "cmTC_31cf2/fast"
/usr/bin/make -f CMakeFiles/cmTC_31cf2.dir/build.make CMakeFiles/cmTC_31cf2.dir/build
make[1]: Entering directory '/home/ccy/Desktop/experiment/compile/lab1/sever/llvm-3.3/cmake-build-debug/CMakeFiles/CMakeTmp'
Building C object CMakeFiles/cmTC_31cf2.dir/src.c.o
/usr/bin/cc   -fPIC -Wall -W -Wno-unused-parameter -Wwrite-strings -Wno-missing-field-initializers -pedantic -Wno-long-long -DC_SUPPORTS_COVERED_SWITCH_DEFAULT_FLAG   -Werror -Wcovered-switch-default -o CMakeFiles/cmTC_31cf2.dir/src.c.o   -c /home/ccy/Desktop/experiment/compile/lab1/sever/llvm-3.3/cmake-build-debug/CMakeFiles/CMakeTmp/src.c
cc: error: unrecognized command line option '-Wcovered-switch-default'
CMakeFiles/cmTC_31cf2.dir/build.make:65: recipe for target 'CMakeFiles/cmTC_31cf2.dir/src.c.o' failed
make[1]: *** [CMakeFiles/cmTC_31cf2.dir/src.c.o] Error 1
make[1]: Leaving directory '/home/ccy/Desktop/experiment/compile/lab1/sever/llvm-3.3/cmake-build-debug/CMakeFiles/CMakeTmp'
Makefile:121: recipe for target 'cmTC_31cf2/fast' failed
make: *** [cmTC_31cf2/fast] Error 2

Source file was:
int main(void) { return 0; }
Performing C++ SOURCE FILE Test SUPPORTS_GLINE_TABLES_ONLY_FLAG failed with the following output:
Change Dir: /home/ccy/Desktop/experiment/compile/lab1/sever/llvm-3.3/cmake-build-debug/CMakeFiles/CMakeTmp

Run Build Command:"/usr/bin/make" "cmTC_3aab5/fast"
/usr/bin/make -f CMakeFiles/cmTC_3aab5.dir/build.make CMakeFiles/cmTC_3aab5.dir/build
make[1]: Entering directory '/home/ccy/Desktop/experiment/compile/lab1/sever/llvm-3.3/cmake-build-debug/CMakeFiles/CMakeTmp'
Building CXX object CMakeFiles/cmTC_3aab5.dir/src.cxx.o
/usr/bin/c++    -fPIC -fvisibility-inlines-hidden -Wall -W -Wno-unused-parameter -Wwrite-strings -Wno-missing-field-initializers -pedantic -Wno-long-long -Wno-maybe-uninitialized -Wnon-virtual-dtor -DSUPPORTS_GLINE_TABLES_ONLY_FLAG   -gline-tables-only -o CMakeFiles/cmTC_3aab5.dir/src.cxx.o -c /home/ccy/Desktop/experiment/compile/lab1/sever/llvm-3.3/cmake-build-debug/CMakeFiles/CMakeTmp/src.cxx
cc1plus: error: unrecognised debug output level 'line-tables-only'
CMakeFiles/cmTC_3aab5.dir/build.make:65: recipe for target 'CMakeFiles/cmTC_3aab5.dir/src.cxx.o' failed
make[1]: *** [CMakeFiles/cmTC_3aab5.dir/src.cxx.o] Error 1
make[1]: Leaving directory '/home/ccy/Desktop/experiment/compile/lab1/sever/llvm-3.3/cmake-build-debug/CMakeFiles/CMakeTmp'
Makefile:121: recipe for target 'cmTC_3aab5/fast' failed
make: *** [cmTC_3aab5/fast] Error 2

Source file was:
int main() { return 0; }
Performing C++ SOURCE FILE Test CXX_SUPPORTS_NO_NESTED_ANON_TYPES_FLAG failed with the following output:
Change Dir: /home/ccy/Desktop/experiment/compile/lab1/sever/llvm-3.3/cmake-build-debug/CMakeFiles/CMakeTmp

Run Build Command:"/usr/bin/make" "cmTC_33dff/fast"
/usr/bin/make -f CMakeFiles/cmTC_33dff.dir/build.make CMakeFiles/cmTC_33dff.dir/build
make[1]: Entering directory '/home/ccy/Desktop/experiment/compile/lab1/sever/llvm-3.3/cmake-build-debug/CMakeFiles/CMakeTmp'
Building CXX object CMakeFiles/cmTC_33dff.dir/src.cxx.o
/usr/bin/c++    -fPIC -fvisibility-inlines-hidden -Wall -W -Wno-unused-parameter -Wwrite-strings -Wno-missing-field-initializers -pedantic -Wno-long-long -Wno-maybe-uninitialized -Wnon-virtual-dtor -fno-common -Woverloaded-virtual -Wcast-qual -fno-strict-aliasing -DCXX_SUPPORTS_NO_NESTED_ANON_TYPES_FLAG   -Werror -Wnested-anon-types -o CMakeFiles/cmTC_33dff.dir/src.cxx.o -c /home/ccy/Desktop/experiment/compile/lab1/sever/llvm-3.3/cmake-build-debug/CMakeFiles/CMakeTmp/src.cxx
c++: error: unrecognized command line option '-Wnested-anon-types'
CMakeFiles/cmTC_33dff.dir/build.make:65: recipe for target 'CMakeFiles/cmTC_33dff.dir/src.cxx.o' failed
make[1]: *** [CMakeFiles/cmTC_33dff.dir/src.cxx.o] Error 1
make[1]: Leaving directory '/home/ccy/Desktop/experiment/compile/lab1/sever/llvm-3.3/cmake-build-debug/CMakeFiles/CMakeTmp'
Makefile:121: recipe for target 'cmTC_33dff/fast' failed
make: *** [cmTC_33dff/fast] Error 2

Source file was:
int main() { return 0; }
